<?xml version="1.0" encoding="UTF-8"?>
<!-- Generated by org.testng.reporters.JUnitReportReporter -->
<testsuite hostname="LenovoT430AAM" name="FA_Test.NewTest1" tests="1" failures="0" timestamp="10 Jun 2019 15:44:50 GMT" time="1.948" errors="0">
  <testcase name="Adduser" time="1.948" classname="FA_Test.NewTest1"/>
</testsuite> <!-- FA_Test.NewTest1 -->
