<?xml version="1.0" encoding="UTF-8"?>
<!-- Generated by org.testng.reporters.JUnitReportReporter -->
<testsuite hostname="LenovoT430AAM" name="FA_Test.NewTest" tests="2" failures="0" timestamp="10 Jun 2019 15:11:16 GMT" time="0.012" errors="0">
  <testcase name="f" time="0.004" classname="FA_Test.NewTest"/>
  <testcase name="f" time="0.008" classname="FA_Test.NewTest"/>
</testsuite> <!-- FA_Test.NewTest -->
