<?xml version="1.0" encoding="UTF-8"?>
<!-- Generated by org.testng.reporters.JUnitReportReporter -->
<testsuite hostname="LenovoT430AAM" name="FA_Test.Expense_Trac_TestNG_DataProvider_Ex" tests="1" failures="0" timestamp="10 Jun 2019 16:35:47 GMT" time="2.031" errors="0">
  <testcase name="Adduser" time="2.031" classname="FA_Test.Expense_Trac_TestNG_DataProvider_Ex"/>
</testsuite> <!-- FA_Test.Expense_Trac_TestNG_DataProvider_Ex -->
